<?xml version="1.0" encoding="UTF-8"?>
<!-- Generated by org.testng.reporters.JUnitXMLReporter -->
<testsuite ignored="2" hostname="LAPTOP-NU1V4IQS" failures="0" tests="1" name="Default test" time="5.551" errors="0" timestamp="23 Sept 2024 08:31:53 GMT">
  <testcase classname="phase.ReqResTest" name="Post_Employee" time="5.505"/>
  <testcase classname="phase.ReqResTest" name="GetSingle_Employee" time="0.0">
    <ignored/>
  </testcase> <!-- GetSingle_Employee -->
  <testcase classname="phase.ReqResTest" name="GetAll_Employee" time="0.0">
    <ignored/>
  </testcase> <!-- GetAll_Employee -->
</testsuite> <!-- Default test -->
